[INFO  2026-05-14 23:30:12] Application started
[INFO  2026-05-14 23:30:48] Application started
[INFO  2026-05-14 23:40:10] Application started
[INFO  2026-05-14 23:46:25] Application started
[INFO  2026-05-14 23:53:23] Application started
[INFO  2026-05-14 23:54:05] Application started
[INFO  2026-05-15 00:00:15] Application started
[INFO  2026-05-15 00:07:27] Application started
[INFO  2026-05-15 00:12:37] Application started
[INFO  2026-05-15 00:22:45] Application started
[INFO  2026-05-15 18:58:34] Application started
[INFO  2026-05-15 19:03:43] Application started
[INFO  2026-05-15 19:07:37] Application started
[INFO  2026-05-15 19:09:09] Application started
[INFO  2026-05-15 19:10:05] Application started
[INFO  2026-05-15 19:13:50] Application started
[INFO  2026-05-15 19:18:25] Application started
[INFO  2026-05-15 19:25:56] Application started
[INFO  2026-05-15 19:33:59] Application started
[INFO  2026-05-15 19:41:14] Application started
[INFO  2026-05-15 19:42:42] Application started
[INFO  2026-05-15 19:44:42] Application started
[INFO  2026-05-15 19:51:40] Application started
[INFO  2026-05-15 19:55:06] Application started
[INFO  2026-05-15 19:59:58] Application started
[INFO  2026-05-15 20:06:33] Application started
[INFO  2026-05-15 20:18:12] Application started
[INFO  2026-05-15 20:29:48] Application started
[INFO  2026-05-15 20:32:28] Application started
[INFO  2026-05-15 20:46:57] Application started
[INFO  2026-05-15 20:48:08] Application started
[INFO  2026-05-15 20:54:47] Application started
[INFO  2026-05-15 21:01:42] Application started
[INFO  2026-05-15 21:08:16] Application started
[INFO  2026-05-15 21:11:16] Application started
[INFO  2026-05-15 21:32:59] Application started
[INFO  2026-05-15 21:35:21] Application started
========================================================================
FIRST:  2026-05-15 21:35:22
HASH:   079960334524
INFO:   uncaught exception
------------------------------------------------------------------------
Traceback (most recent call last):
  File "main.py", line 166, in <module>
    main()
  File "main.py", line 51, in main
    app = MainWindow(root)
  File "D:\xxm\textile_app\ui\main_window.py", line 43, in __init__
    self._build_tree()
  File "D:\xxm\textile_app\ui\main_window.py", line 165, in _build_tree
    self.tree = tk.Treeview(
AttributeError: module 'tkinter' has no attribute 'Treeview'

[INFO  2026-05-15 21:35:25] Application started
[INFO  2026-05-15 21:36:30] Application started
[INFO  2026-05-15 21:52:01] Application started
[INFO  2026-05-15 21:52:45] Application started
[INFO  2026-05-15 21:59:45] Application started
[INFO  2026-05-15 22:08:17] Application started
========================================================================
FIRST:  2026-05-15 22:08:17
HASH:   8bb01310b397
INFO:   uncaught exception
------------------------------------------------------------------------
Traceback (most recent call last):
  File "main.py", line 166, in <module>
    main()
  File "main.py", line 51, in main
    app = MainWindow(root)
  File "D:\xxm\textile_app\ui\main_window.py", line 42, in __init__
    self._build_toolbar()
  File "D:\xxm\textile_app\ui\main_window.py", line 100, in _build_toolbar
    self.filter_date_from = DateEntry(bar, width=14)
  File "D:\xxm\textile_app\ui\widgets.py", line 156, in __init__
    self.config(width=width + 4)  # ensure frame is wide enough
  File "D:\xxm\textile_app\ui\widgets.py", line 177, in config
    self.entry.config(**kwargs)
AttributeError: 'DateEntry' object has no attribute 'entry'

[INFO  2026-05-15 22:10:20] Application started
========================================================================
FIRST:  2026-05-15 22:10:20
HASH:   42297a0da015
INFO:   uncaught exception
------------------------------------------------------------------------
Traceback (most recent call last):
  File "main.py", line 166, in <module>
    main()
  File "main.py", line 51, in main
    app = MainWindow(root)
  File "D:\xxm\textile_app\ui\main_window.py", line 42, in __init__
    self._build_toolbar()
  File "D:\xxm\textile_app\ui\main_window.py", line 85, in _build_toolbar
    self.filter_date_from.pack_configure(fill=tk.X, expand=True)
AttributeError: 'MainWindow' object has no attribute 'filter_date_from'

[INFO  2026-05-15 22:10:26] Application started
[INFO  2026-05-15 22:12:25] Application started
[INFO  2026-05-15 22:18:06] Application started
[INFO  2026-05-15 22:20:26] Application started
[INFO  2026-05-15 22:23:07] Application started
[INFO  2026-05-15 22:24:41] Application started
[INFO  2026-05-19 20:45:24] Application started
[INFO  2026-05-19 21:07:34] Application started
[INFO  2026-05-19 21:41:38] Application started
[INFO  2026-05-19 21:43:41] Application started
[INFO  2026-05-19 21:48:18] Application started
[INFO  2026-05-19 21:53:04] Application started
[INFO  2026-05-19 22:09:18] Application started
[INFO  2026-05-19 23:01:01] Application started
[INFO  2026-05-19 23:39:30] Application started
[INFO  2026-05-20 20:14:26] Application started
[INFO  2026-05-20 20:42:56] Application started
[INFO  2026-05-20 21:01:53] Application started
[INFO  2026-05-20 21:03:58] Application started
[INFO  2026-05-20 21:09:39] Application started
[INFO  2026-05-20 22:11:19] Application started
[INFO  2026-05-20 22:29:08] Application started
[INFO  2026-05-20 22:29:38] Application started
[INFO  2026-05-20 22:29:43] Application started
[INFO  2026-05-20 22:34:10] Application started
[INFO  2026-05-20 22:47:31] Application started
[INFO  2026-05-20 23:05:03] Application started
[INFO  2026-05-20 23:07:51] Application started
[INFO  2026-05-20 23:09:21] Application started
[INFO  2026-05-20 23:14:36] Application started
[INFO  2026-05-20 23:22:21] Application started
[INFO  2026-05-20 23:27:30] Application started
[INFO  2026-05-21 19:09:02] Application started
[INFO  2026-05-21 19:12:49] Application started
[INFO  2026-05-21 19:23:23] Application started
[INFO  2026-05-21 19:31:07] Application started
[INFO  2026-05-21 19:49:16] Application started
[INFO  2026-05-21 19:53:46] Application started
[INFO  2026-05-21 19:55:19] Application started
[INFO  2026-05-21 19:57:25] Application started
[INFO  2026-05-25 20:34:57] Application started
[INFO  2026-05-25 21:16:51] Application started
[INFO  2026-05-25 21:28:48] Application started
[INFO  2026-05-25 21:38:49] Application started
